

============================== 2023-04-27 01:11:58.991677 | 7068ce3a-d8bf-49ab-933a-6f46c7e84da7 ==============================
[0m01:11:58.991677 [info ] [MainThread]: Running with dbt=1.4.6
[0m01:11:58.992650 [debug] [MainThread]: running dbt with arguments {'write_json': True, 'use_colors': True, 'printer_width': 80, 'version_check': True, 'partial_parse': True, 'static_parser': True, 'profiles_dir': 'C:\\Users\\EmmaC\\.dbt', 'send_anonymous_usage_stats': True, 'quiet': False, 'no_print': False, 'cache_selected_only': False, 'config_dir': False, 'which': 'debug', 'indirect_selection': 'eager'}
[0m01:11:58.993656 [debug] [MainThread]: Tracking: tracking
[0m01:11:59.002168 [debug] [MainThread]: Sending event: {'category': 'dbt', 'action': 'invocation', 'label': 'start', 'context': [<snowplow_tracker.self_describing_json.SelfDescribingJson object at 0x000002AAE7483B80>, <snowplow_tracker.self_describing_json.SelfDescribingJson object at 0x000002AAE7483C10>, <snowplow_tracker.self_describing_json.SelfDescribingJson object at 0x000002AAE74DDF90>]}
[0m01:12:00.524480 [debug] [MainThread]: Executing "git --help"
[0m01:12:00.535480 [debug] [MainThread]: STDOUT: "b"usage: git [-v | --version] [-h | --help] [-C <path>] [-c <name>=<value>]\n           [--exec-path[=<path>]] [--html-path] [--man-path] [--info-path]\n           [-p | --paginate | -P | --no-pager] [--no-replace-objects] [--bare]\n           [--git-dir=<path>] [--work-tree=<path>] [--namespace=<name>]\n           [--super-prefix=<path>] [--config-env=<name>=<envvar>]\n           <command> [<args>]\n\nThese are common Git commands used in various situations:\n\nstart a working area (see also: git help tutorial)\n   clone     Clone a repository into a new directory\n   init      Create an empty Git repository or reinitialize an existing one\n\nwork on the current change (see also: git help everyday)\n   add       Add file contents to the index\n   mv        Move or rename a file, a directory, or a symlink\n   restore   Restore working tree files\n   rm        Remove files from the working tree and from the index\n\nexamine the history and state (see also: git help revisions)\n   bisect    Use binary search to find the commit that introduced a bug\n   diff      Show changes between commits, commit and working tree, etc\n   grep      Print lines matching a pattern\n   log       Show commit logs\n   show      Show various types of objects\n   status    Show the working tree status\n\ngrow, mark and tweak your common history\n   branch    List, create, or delete branches\n   commit    Record changes to the repository\n   merge     Join two or more development histories together\n   rebase    Reapply commits on top of another base tip\n   reset     Reset current HEAD to the specified state\n   switch    Switch branches\n   tag       Create, list, delete or verify a tag object signed with GPG\n\ncollaborate (see also: git help workflows)\n   fetch     Download objects and refs from another repository\n   pull      Fetch from and integrate with another repository or a local branch\n   push      Update remote refs along with associated objects\n\n'git help -a' and 'git help -g' list available subcommands and some\nconcept guides. See 'git help <command>' or 'git help <concept>'\nto read about a specific subcommand or concept.\nSee 'git help git' for an overview of the system.\n""
[0m01:12:00.535480 [debug] [MainThread]: STDERR: "b''"
[0m01:12:00.536481 [debug] [MainThread]: Acquiring new snowflake connection 'debug'
[0m01:12:00.537481 [debug] [MainThread]: Using snowflake connection "debug"
[0m01:12:00.537481 [debug] [MainThread]: On debug: select 1 as id
[0m01:12:00.538481 [debug] [MainThread]: Opening a new connection, currently in state init
[0m01:12:01.788432 [debug] [MainThread]: SQL status: SUCCESS 1 in 1 seconds
[0m01:12:01.789435 [debug] [MainThread]: On debug: Close
[0m01:12:02.029418 [debug] [MainThread]: Sending event: {'category': 'dbt', 'action': 'invocation', 'label': 'end', 'context': [<snowplow_tracker.self_describing_json.SelfDescribingJson object at 0x000002AA86DA3D30>, <snowplow_tracker.self_describing_json.SelfDescribingJson object at 0x000002AA86DA2AA0>, <snowplow_tracker.self_describing_json.SelfDescribingJson object at 0x000002AA86DA0100>]}
[0m01:12:02.030417 [debug] [MainThread]: Flushing usage events
[0m01:12:02.157479 [debug] [MainThread]: Connection 'debug' was properly closed.


============================== 2023-04-27 01:18:36.326630 | 55f773f2-dd95-40a3-a3d3-8567d405a11c ==============================
[0m01:18:36.326630 [info ] [MainThread]: Running with dbt=1.4.6
[0m01:18:36.328276 [debug] [MainThread]: running dbt with arguments {'write_json': True, 'use_colors': True, 'printer_width': 80, 'version_check': True, 'partial_parse': True, 'static_parser': True, 'profiles_dir': 'C:\\Users\\EmmaC\\.dbt', 'send_anonymous_usage_stats': True, 'quiet': False, 'no_print': False, 'cache_selected_only': False, 'project_name': 'first_project', 'skip_profile_setup': False, 'which': 'init', 'indirect_selection': 'eager'}
[0m01:18:36.328276 [debug] [MainThread]: Tracking: tracking
[0m01:18:36.335559 [debug] [MainThread]: Sending event: {'category': 'dbt', 'action': 'invocation', 'label': 'start', 'context': [<snowplow_tracker.self_describing_json.SelfDescribingJson object at 0x0000023F873A7BE0>, <snowplow_tracker.self_describing_json.SelfDescribingJson object at 0x0000023F873A7D90>, <snowplow_tracker.self_describing_json.SelfDescribingJson object at 0x0000023F8744CAC0>]}
[0m01:18:36.337111 [debug] [MainThread]: Starter project path: C:\Users\EmmaC\AppData\Local\Programs\Python\Python310\lib\site-packages\dbt\include\starter_project
[0m01:18:44.258675 [debug] [MainThread]: Sending event: {'category': 'dbt', 'action': 'invocation', 'label': 'end', 'context': [<snowplow_tracker.self_describing_json.SelfDescribingJson object at 0x0000023FA6C9ECE0>, <snowplow_tracker.self_describing_json.SelfDescribingJson object at 0x0000023FA6C9F010>, <snowplow_tracker.self_describing_json.SelfDescribingJson object at 0x0000023FA6C9EE00>]}
[0m01:18:44.258675 [debug] [MainThread]: Flushing usage events
[0m01:18:44.766801 [error] [MainThread]: Encountered an error:

[0m01:18:44.768800 [error] [MainThread]: Traceback (most recent call last):
  File "C:\Users\EmmaC\AppData\Local\Programs\Python\Python310\lib\site-packages\dbt\main.py", line 136, in main
    results, succeeded = handle_and_check(args)
  File "C:\Users\EmmaC\AppData\Local\Programs\Python\Python310\lib\site-packages\dbt\main.py", line 206, in handle_and_check
    task, res = run_from_args(parsed)
  File "C:\Users\EmmaC\AppData\Local\Programs\Python\Python310\lib\site-packages\dbt\main.py", line 253, in run_from_args
    results = task.run()
  File "C:\Users\EmmaC\AppData\Local\Programs\Python\Python310\lib\site-packages\dbt\task\init.py", line 305, in run
    self.create_profile_from_target(adapter, profile_name=project_name)
  File "C:\Users\EmmaC\AppData\Local\Programs\Python\Python310\lib\site-packages\dbt\task\init.py", line 180, in create_profile_from_target
    self.create_profile_from_profile_template(profile_template, profile_name)
  File "C:\Users\EmmaC\AppData\Local\Programs\Python\Python310\lib\site-packages\dbt\task\init.py", line 164, in create_profile_from_profile_template
    target = self.generate_target_from_input(prompts, initial_target)
  File "C:\Users\EmmaC\AppData\Local\Programs\Python\Python310\lib\site-packages\dbt\task\init.py", line 130, in generate_target_from_input
    target[key] = click.prompt(
  File "C:\Users\EmmaC\AppData\Local\Programs\Python\Python310\lib\site-packages\click\termui.py", line 166, in prompt
    value = prompt_func(prompt)
  File "C:\Users\EmmaC\AppData\Local\Programs\Python\Python310\lib\site-packages\click\termui.py", line 149, in prompt_func
    raise Abort() from None
click.exceptions.Abort

